Android App FreshGrocery/app/seeds.txt
com.grocery.food.Model.User: java.lang.String password
com.grocery.food.Model.Noti: java.lang.String id
com.grocery.food.Model.Productinfo: java.lang.String mProductImage
com.grocery.food.Activity.FirstActivity
com.grocery.food.Model.SubCategory: java.lang.String mResponseMsg
com.grocery.food.Activity.HomeActivity_ViewBinding
com.grocery.food.Adepter.ItemAdp$ViewHolder_ViewBinding
com.grocery.food.retrofit.UserService
com.grocery.food.Model.Productinfo: java.lang.String mProductWeight
com.grocery.food.Model.User: java.lang.String pincode
com.grocery.food.Model.User: java.lang.String hno
com.grocery.food.Activity.MyOrderListActivity_ViewBinding
com.grocery.food.Model.BannerItem
com.grocery.food.Activity.SingActivity_ViewBinding: SingActivity_ViewBinding(com.grocery.food.Activity.SingActivity,android.view.View)
com.grocery.food.Activity.SingActivity
com.grocery.food.Activity.PopRatesActivity_ViewBinding
com.grocery.food.Model.ResNoti: java.lang.String responseCode
com.grocery.food.Model.Times: java.lang.String mResult
com.grocery.food.Activity.RatesActivity
com.grocery.food.Model.ProductItem: java.lang.String mShortDesc
com.grocery.food.Activity.AddressActivity
com.grocery.food.Activity.ForgotActivity_ViewBinding: ForgotActivity_ViewBinding(com.grocery.food.Activity.ForgotActivity,android.view.View)
com.grocery.food.Model.Noti
com.grocery.food.Model.User: java.lang.String pin
com.grocery.food.Activity.AddressActivity_ViewBinding: AddressActivity_ViewBinding(com.grocery.food.Activity.AddressActivity,android.view.View)
com.grocery.food.Model.Noti: java.lang.String Title
com.grocery.food.Model.ResultHome: java.util.List productItems
com.grocery.food.Model.AreaD: java.lang.String id
com.grocery.food.Activity.FeedBackActivity
com.grocery.food.Model.SubcatItem: java.lang.String mImg
com.grocery.food.Fragment.HomeFragment_ViewBinding
com.grocery.food.Activity.InfoActivity
com.grocery.food.Activity.SelectAreaActivity_ViewBinding: SelectAreaActivity_ViewBinding(com.grocery.food.Activity.SelectAreaActivity,android.view.View)
com.grocery.food.Activity.OrderSummaryActivity_ViewBinding
com.grocery.food.Activity.NotificationDetailsActivity_ViewBinding: NotificationDetailsActivity_ViewBinding(com.grocery.food.Activity.NotificationDetailsActivity,android.view.View)
com.grocery.food.Model.BannerItem: java.lang.String mId
com.grocery.food.Activity.ForgotActivity: ForgotActivity()
com.grocery.food.Model.LoginUser
com.grocery.food.Activity.NotificationDetailsActivity: NotificationDetailsActivity()
com.grocery.food.Activity.LoginActivity_ViewBinding
com.grocery.food.Activity.NotificationActivity
com.grocery.food.Model.ReadNoti: java.lang.String mResult
com.grocery.food.Model.Category: java.lang.String mResponseMsg
com.grocery.food.Model.User: java.lang.String rdate
com.grocery.food.Adepter.ReletedItemAdp$ViewHolder_ViewBinding
com.grocery.food.Adepter.ReletedItemAllAdp$ViewHolder_ViewBinding: ReletedItemAllAdp$ViewHolder_ViewBinding(com.grocery.food.Adepter.ReletedItemAllAdp$ViewHolder,android.view.View)
com.grocery.food.Model.Home: java.lang.String mResponseCode
com.grocery.food.Activity.OrderSummaryActivity
com.grocery.food.Activity.FeedBackActivity: FeedBackActivity()
com.grocery.food.Fragment.CategoryFragment_ViewBinding
com.grocery.food.Fragment.MyOrderFragment_ViewBinding: MyOrderFragment_ViewBinding(com.grocery.food.Fragment.MyOrderFragment,android.view.View)
com.grocery.food.Model.TimeDatum: java.lang.String mMintime
com.grocery.food.Model.User: java.lang.String society
com.grocery.food.Model.Product: java.lang.String mResponseCode
com.grocery.food.MainActivity
com.grocery.food.Fragment.SubCategoryFragment_ViewBinding
com.grocery.food.Activity.ForgotActivity
com.grocery.food.Activity.DeliveryTimeActivity: void onViewClicked(android.view.View)
com.grocery.food.Activity.PopRatesActivity
com.grocery.food.Activity.SelectAreaActivity: SelectAreaActivity()
com.grocery.food.Activity.ProfileActivity_ViewBinding
...
com.razorpay.AnalyticsConstants: java.lang.String ID
androidx.appcompat.widget.AppCompatTextView: void setLineHeight(int)
com.google.android.material.R$string: int mtrl_picker_date_header_unselected
com.google.android.material.R$color: int primary_material_dark
com.google.android.material.R$layout: int abc_popup_menu_item_layout
com.razorpay.R$styleable: int[] AppCompatTextView
com.google.android.material.R$attr: int buttonBarNegativeButtonStyle
com.onesignal.R$id: int media_actions
com.razorpay.R$drawable: int abc_btn_switch_to_on_mtrl_00012
com.merhold.extensiblepageindicator.R$styleable: int ActionMode_subtitleTextStyle
com.google.android.material.R$style: int Widget_MaterialComponents_Button_UnelevatedButton_Icon
butterknife.R$dimen: int notification_action_icon_size
com.google.android.material.R$dimen: int abc_seekbar_track_background_height_material
com.razorpay.R$drawable: int notification_bg_low_normal
androidx.media.AudioAttributesCompatParcelizer: AudioAttributesCompatParcelizer()
androidx.appcompat.resources.R$styleable: int FontFamily_fontProviderCerts
com.merhold.extensiblepageindicator.R$styleable: int AppCompatTheme_colorControlActivated
com.razorpay.R$styleable: int ActionBar_customNavigationLayout
com.merhold.extensiblepageindicator.ExtensiblePageIndicator: ExtensiblePageIndicator(android.content.Context,android.util.AttributeSet)
androidx.coordinatorlayout.R$style: int TextAppearance_Compat_Notification_Info
androidx.transition.R$id: int italic
androidx.appcompat.R$style: int Base_Widget_AppCompat_SearchView
com.razorpay.R$attr: int iconTint
com.merhold.extensiblepageindicator.R$styleable: int[] AppCompatImageView
com.google.android.material.R$styleable: int TextAppearance_fontFamily
androidx.appcompat.R$drawable: int notification_bg_low_normal
com.razorpay.R$id: int screen
com.google.android.material.R$dimen: int abc_disabled_alpha_material_dark
androidx.appcompat.resources.R$styleable: int[] AnimatedStateListDrawableTransition
com.razorpay.R$color: int button_material_light
androidx.coordinatorlayout.R$styleable: int FontFamilyFont_ttcIndex
com.google.android.material.R$attr: int imageButtonStyle
com.google.android.material.R$styleable: int TextInputLayout_helperTextEnabled
com.google.android.gms.ads.identifier.AdvertisingIdClient: com.google.android.gms.internal.ads_identifier.zze zzf
com.razorpay.PluginOtpElfCheckoutPresenterImpl: com.razorpay.J$_0_ getCheckoutOptions()
butterknife.R$drawable: int notification_template_icon_bg
com.razorpay.G__G_: int Y$_o$
androidx.appcompat.widget.AppCompatEditText: void setBackgroundResource(int)
androidx.constraintlayout.widget.R$styleable: int ConstraintLayout_Layout_layout_constraintHeight_min
com.google.android.material.R$style: int Base_Widget_AppCompat_Button
androidx.recyclerview.widget.RecyclerView: java.util.ArrayList mItemDecorations
androidx.appcompat.R$attr: int closeItemLayout
com.razorpay.R$style: int Widget_AppCompat_ActivityChooserView
com.google.android.material.R$styleable: int Chip_chipMinHeight
com.merhold.extensiblepageindicator.R$styleable: int AppCompatTheme_dialogCornerRadius
androidx.appcompat.widget.Toolbar: void setCollapseIcon(int)
androidx.appcompat.R$styleable: int View_theme
com.razorpay.R$style: int AlertDialog_AppCompat_Light
com.razorpay.R$drawable: int abc_btn_switch_to_on_mtrl_00001
androidx.appcompat.R$attr: int subtitle
com.google.android.material.R$dimen: int mtrl_toolbar_default_height
androidx.core.R$dimen: int notification_action_text_size
com.google.android.material.R$id: int textSpacerNoButtons
com.razorpay.R$string: int abc_searchview_description_clear
com.razorpay.R$styleable: int DrawerArrowToggle_color
com.razorpay.CheckoutActivity
androidx.appcompat.widget.AbsActionBarView: int getAnimatedVisibility()
com.google.android.material.R$styleable: int TextAppearance_android_textSize
com.google.android.material.R$dimen: int abc_action_button_min_width_material