Android App FreshGrocery/app/unused.txt
com.grocery.food.Activity.FeedBackActivity_ViewBinding:
    public void <init>(com.grocery.food.Activity.FeedBackActivity)
com.grocery.food.Activity.DeliveryTimeActivity:
    private void Chacktimecunditioin()
com.grocery.food.R$integer
com.grocery.food.Model.RestResponse:
    public java.lang.String getResponseCode()
    public void setResponseCode(java.lang.String)
    public void setResponseMsg(java.lang.String)
    public void setResult(java.lang.String)
com.grocery.food.Model.Price:
    public void setProductPrice(java.lang.String)
    public void setProductType(java.lang.String)
com.grocery.food.Model.SubCategory:
    public void setData(java.util.List)
    public java.lang.String getResponseCode()
    public void setResponseCode(java.lang.String)
    public java.lang.String getResponseMsg()
    public void setResponseMsg(java.lang.String)
    public java.lang.String getResult()
    public void setResult(java.lang.String)
com.grocery.food.R$drawable
com.grocery.food.Model.ReadNoti:
    public void setRemainNotification(int)
    public java.lang.String getResponseCode()
    public void setResponseCode(java.lang.String)
    public java.lang.String getResponseMsg()
    public void setResponseMsg(java.lang.String)
    public java.lang.String getResult()
    public void setResult(java.lang.String)
com.grocery.food.R$animator
com.grocery.food.Adepter.ReletedItemAdp$3
com.grocery.food.Adepter.ItemAdp:
    void setClickListener(com.grocery.food.Adepter.ItemAdp$ItemClickListener)
com.grocery.food.Utils.ImageLoader
com.grocery.food.Activity.HomeActivity_ViewBinding:
    public void <init>(com.grocery.food.Activity.HomeActivity)
com.grocery.food.retrofit.APIClient:
    public void <init>()
    public static final java.lang.String Append_URL
com.grocery.food.R$mipmap
com.grocery.food.Activity.MyOrderListActivity_ViewBinding:
    public void <init>(com.grocery.food.Activity.MyOrderListActivity)
com.grocery.food.R$anim
com.grocery.food.Activity.DeliveryTimeActivity_ViewBinding:
    public void <init>(com.grocery.food.Activity.DeliveryTimeActivity)
com.grocery.food.Model.User:
    public void setId(java.lang.String)
    public void setName(java.lang.String)
    public java.lang.String getImei()
    public void setImei(java.lang.String)
    public void setEmail(java.lang.String)
    public void setMobile(java.lang.String)
    public void setPassword(java.lang.String)
    public void setLandmark(java.lang.String)
    public void setPincode(java.lang.String)
    public void setArea(java.lang.String)
    public void setSociety(java.lang.String)
    public void setHno(java.lang.String)
    public java.lang.String getStatus()
    public void setStatus(java.lang.String)
    public java.lang.String getRdate()
    public void setRdate(java.lang.String)
    public java.lang.String getPin()
    public void setPin(java.lang.String)
com.grocery.food.Utils.ImageLoader$PhotoToLoad
com.grocery.food.Model.Times:
    public void setData(java.util.List)
    public java.lang.String getResponseCode()
    public void setResponseCode(java.lang.String)
    public java.lang.String getResponseMsg()
    public void setResponseMsg(java.lang.String)
    public java.lang.String getResult()
    public void setResult(java.lang.String)
com.grocery.food.Model.ProductItem:
    public void setmDiscount(int)
    public void setId(java.lang.String)
    public void setPrice(java.util.ArrayList)
    public void setProductImage(java.lang.String)
    public void setProductName(java.lang.String)
    public void setSellerName(java.lang.String)
    public void setShortDesc(java.lang.String)
    public java.lang.String getStock()
    public void setStock(java.lang.String)
com.grocery.food.Model.LoginUser:
    public void setdCharge(int)
    public java.lang.String getResponseCode()
    public void setResponseCode(java.lang.String)
    public void setResponseMsg(java.lang.String)
    public void setResult(java.lang.String)
    public void setUser(com.grocery.food.Model.User)
...
com.google.gson.internal.LinkedHashTreeMap
androidx.vectordrawable.animated.R
androidx.core.app.RemoteInput$Source
com.google.firebase.FirebaseTooManyRequestsException
com.google.android.gms.common.server.response.zaf
androidx.appcompat.widget.ActivityChooserView$4
com.google.gson.internal.Primitives:
    private void <init>()
    public static boolean isWrapperType(java.lang.reflect.Type)
    public static java.lang.Class unwrap(java.lang.Class)
androidx.coordinatorlayout.R
androidx.core.os.OperationCanceledException
android.support.v4.media.ParceledListSliceAdapterApi21
androidx.savedstate.SavedStateRegistry:
    public void registerSavedStateProvider(java.lang.String,androidx.savedstate.SavedStateRegistry$SavedStateProvider)
    public void unregisterSavedStateProvider(java.lang.String)
    public boolean isRestored()
    public void runOnNextRecreation(java.lang.Class)
    private androidx.savedstate.Recreator$SavedStateProvider mRecreatorProvider
    private static final java.lang.String SAVED_COMPONENTS_KEY
com.google.gson.internal.Streams:
    private void <init>()
de.hdodenhof.circleimageview.BuildConfig
com.google.android.material.resources.MaterialResources:
    private void <init>()
androidx.swiperefreshlayout.widget.SwipeRefreshLayout$8
com.google.android.gms.common.api.internal.zza:
    public final boolean isCreated()
    public final boolean isStarted()
androidx.slidingpanelayout.widget.SlidingPaneLayout$DragHelperCallback
com.google.android.gms.location.zzo
android.support.v4.media.MediaBrowserCompat$MediaBrowserImplBase$1
okhttp3.TlsVersion:
    public java.lang.String javaName()
com.crashlytics.android.core.ReportUploader:
    boolean isUploading()
androidx.viewpager2.adapter.FragmentStateAdapter$2:
    void <init>(androidx.viewpager2.adapter.FragmentStateAdapter,androidx.viewpager2.adapter.FragmentViewHolder)
androidx.core.app.NotificationCompat$GroupAlertBehavior
com.github.czy1121.cornerlabelview.R$drawable
com.bumptech.glide.request.transition.ViewTransition$ViewTransitionAnimationFactory
androidx.appcompat.widget.AppCompatSpinner:
    public void <init>(android.content.Context)
    public void <init>(android.content.Context,int)
    private static final int MAX_ITEMS_MEASURED
    private static final java.lang.String TAG
    private static final int MODE_DIALOG
    private static final int MODE_DROPDOWN
    private static final int MODE_THEME
android.support.v4.media.session.MediaSessionCompat$Callback
retrofit2.KotlinExtensions$await$$inlined$suspendCancellableCoroutine$lambda$1:
    public synthetic bridge java.lang.Object invoke(java.lang.Object)
    public final void invoke(java.lang.Throwable)
com.crashlytics.android.core.CodedOutputStream$OutOfSpaceException:
    private static final long serialVersionUID
androidx.media.app.NotificationCompat$MediaStyle
com.google.gson.JsonArray:
    public void <init>(int)
    public com.google.gson.JsonArray deepCopy()
    public void add(java.lang.Boolean)
    public void add(java.lang.Character)
    public void add(java.lang.Number)
    public void add(java.lang.String)
    public void addAll(com.google.gson.JsonArray)
    public com.google.gson.JsonElement set(int,com.google.gson.JsonElement)
    public boolean remove(com.google.gson.JsonElement)
    public com.google.gson.JsonElement remove(int)
    public boolean contains(com.google.gson.JsonElement)
    public int size()
    public com.google.gson.JsonElement get(int)
    public java.lang.Number getAsNumber()
    public java.lang.String getAsString()
    public double getAsDouble()
    public java.math.BigDecimal getAsBigDecimal()
    public java.math.BigInteger getAsBigInteger()
    public float getAsFloat()
    public long getAsLong()
    public int getAsInt()
    public byte getAsByte()
    public char getAsCharacter()
    public short getAsShort()
    public boolean getAsBoolean()
    public synthetic bridge com.google.gson.JsonElement deepCopy()
androidx.slidingpanelayout.R$layout